0 info it worked if it ends with ok
1 verbose cli [ '/usr/bin/node',
1 verbose cli   '/usr/bin/npm',
1 verbose cli   '--python=/usr/bin/python2.7',
1 verbose cli   'run',
1 verbose cli   'unit' ]
2 info using npm@3.10.8
3 info using node@v6.7.0
4 verbose run-script [ 'preunit', 'unit', 'postunit' ]
5 info lifecycle bitcoinjs-lib@2.3.0~preunit: bitcoinjs-lib@2.3.0
6 silly lifecycle bitcoinjs-lib@2.3.0~preunit: no script for preunit, continuing
7 info lifecycle bitcoinjs-lib@2.3.0~unit: bitcoinjs-lib@2.3.0
8 verbose lifecycle bitcoinjs-lib@2.3.0~unit: unsafe-perm in lifecycle true
9 verbose lifecycle bitcoinjs-lib@2.3.0~unit: PATH: /usr/lib/node_modules/npm/bin/node-gyp-bin:/home/daniel/workspace/jbtc/bitcoinjs-lib/node_modules/.bin:/usr/bin:/home/daniel/workspace/npm/bin:./node_modules/.bin/
10 verbose lifecycle bitcoinjs-lib@2.3.0~unit: CWD: /home/daniel/workspace/jbtc/bitcoinjs-lib
11 silly lifecycle bitcoinjs-lib@2.3.0~unit: Args: [ '-c', 'mocha' ]
12 silly lifecycle bitcoinjs-lib@2.3.0~unit: Returned: code: 5  signal: null
13 info lifecycle bitcoinjs-lib@2.3.0~unit: Failed to exec unit script
14 verbose stack Error: bitcoinjs-lib@2.3.0 unit: `mocha`
14 verbose stack Exit status 5
14 verbose stack     at EventEmitter.<anonymous> (/usr/lib/node_modules/npm/lib/utils/lifecycle.js:255:16)
14 verbose stack     at emitTwo (events.js:106:13)
14 verbose stack     at EventEmitter.emit (events.js:191:7)
14 verbose stack     at ChildProcess.<anonymous> (/usr/lib/node_modules/npm/lib/utils/spawn.js:40:14)
14 verbose stack     at emitTwo (events.js:106:13)
14 verbose stack     at ChildProcess.emit (events.js:191:7)
14 verbose stack     at maybeClose (internal/child_process.js:877:16)
14 verbose stack     at Process.ChildProcess._handle.onexit (internal/child_process.js:226:5)
15 verbose pkgid bitcoinjs-lib@2.3.0
16 verbose cwd /home/daniel/workspace/jbtc/bitcoinjs-lib
17 error Linux 4.7.5-1-ARCH
18 error argv "/usr/bin/node" "/usr/bin/npm" "--python=/usr/bin/python2.7" "run" "unit"
19 error node v6.7.0
20 error npm  v3.10.8
21 error code ELIFECYCLE
22 error bitcoinjs-lib@2.3.0 unit: `mocha`
22 error Exit status 5
23 error Failed at the bitcoinjs-lib@2.3.0 unit script 'mocha'.
23 error Make sure you have the latest version of node.js and npm installed.
23 error If you do, this is most likely a problem with the bitcoinjs-lib package,
23 error not with npm itself.
23 error Tell the author that this fails on your system:
23 error     mocha
23 error You can get information on how to open an issue for this project with:
23 error     npm bugs bitcoinjs-lib
23 error Or if that isn't available, you can get their info via:
23 error     npm owner ls bitcoinjs-lib
23 error There is likely additional logging output above.
24 verbose exit [ 1, true ]
